[debug] [2018-06-21T12:03:40.601Z] ----------------------------------------------------------------------
[debug] [2018-06-21T12:03:40.603Z] Command:       /usr/local/bin/node /usr/local/bin/firebase deploy
[debug] [2018-06-21T12:03:40.603Z] CLI Version:   3.18.6
[debug] [2018-06-21T12:03:40.604Z] Platform:      darwin
[debug] [2018-06-21T12:03:40.604Z] Node Version:  v8.10.0
[debug] [2018-06-21T12:03:40.604Z] Time:          Thu Jun 21 2018 14:03:40 GMT+0200 (CEST)
[debug] [2018-06-21T12:03:40.604Z] ----------------------------------------------------------------------
[debug] 
[debug] [2018-06-21T12:03:40.619Z] > command requires scopes: ["email","openid","https://www.googleapis.com/auth/cloudplatformprojects.readonly","https://www.googleapis.com/auth/firebase","https://www.googleapis.com/auth/cloud-platform"]
[debug] [2018-06-21T12:03:40.620Z] > authorizing via signed-in user
[debug] [2018-06-21T12:03:40.621Z] > refreshing access token with scopes: ["email","https://www.googleapis.com/auth/cloud-platform","https://www.googleapis.com/auth/cloudplatformprojects.readonly","https://www.googleapis.com/auth/firebase","openid"]
[debug] [2018-06-21T12:03:40.621Z] >>> HTTP REQUEST POST https://www.googleapis.com/oauth2/v3/token  
 { refresh_token: '1/-UpI9vZaL4ZsuNo3uIxk9KYYdmtF9f1h7YyQar3kWIA',
  client_id: '563584335869-fgrhgmd47bqnekij5i8b5pr03ho849e6.apps.googleusercontent.com',
  client_secret: 'j9iVZfS8kkCEFUPaAeJV0sAi',
  grant_type: 'refresh_token',
  scope: 'email https://www.googleapis.com/auth/cloud-platform https://www.googleapis.com/auth/cloudplatformprojects.readonly https://www.googleapis.com/auth/firebase openid' } 
 Thu Jun 21 2018 14:03:40 GMT+0200 (CEST)
[debug] [2018-06-21T12:03:40.849Z] <<< HTTP RESPONSE 200
[debug] [2018-06-21T12:03:40.869Z] >>> HTTP REQUEST GET https://admin.firebase.com/v1/projects/beerlog-aafbc  
  
 Thu Jun 21 2018 14:03:40 GMT+0200 (CEST)
[debug] [2018-06-21T12:03:41.576Z] <<< HTTP RESPONSE 200
[debug] [2018-06-21T12:03:41.577Z] >>> HTTP REQUEST GET https://admin.firebase.com/v1/database/beerlog-aafbc/tokens  
  
 Thu Jun 21 2018 14:03:41 GMT+0200 (CEST)
[debug] [2018-06-21T12:03:43.605Z] <<< HTTP RESPONSE 200
[info] 
[info] === Deploying to 'beerlog-aafbc'...
[info] 
[info] i  deploying storage, functions
[info] Running command: npm --prefix "$RESOURCE_DIR" run lint
[info] Running command: npm --prefix "$RESOURCE_DIR" run build
[info] ✔  functions: Finished running predeploy script.
[debug] [2018-06-21T12:03:51.423Z] >>> HTTP REQUEST GET https://appengine.googleapis.com/v1/apps/beerlog-aafbc  
  
 Thu Jun 21 2018 14:03:51 GMT+0200 (CEST)
[debug] [2018-06-21T12:03:52.532Z] <<< HTTP RESPONSE 200
[info] i  storage: checking storage.rules for compilation errors...
[debug] [2018-06-21T12:03:52.537Z] >>> HTTP REQUEST POST https://firebaserules.googleapis.com/v1/projects/beerlog-aafbc:test  
 { source: { files: [ [Object] ] } } 
 Thu Jun 21 2018 14:03:52 GMT+0200 (CEST)
[debug] [2018-06-21T12:03:53.350Z] <<< HTTP RESPONSE 200
[info] ✔  storage: rules file storage.rules compiled successfully
[debug] [2018-06-21T12:03:53.352Z] > [functions] package.json contents: {
  "name": "functions",
  "scripts": {
    "lint": "tslint --project tsconfig.json",
    "build": "tsc",
    "serve": "npm run build && firebase serve --only functions",
    "shell": "npm run build && firebase functions:shell",
    "start": "npm run shell",
    "deploy": "firebase deploy --only functions",
    "logs": "firebase functions:log"
  },
  "main": "lib/index.js",
  "dependencies": {
    "firebase-admin": "~5.12.1",
    "firebase-functions": "^1.0.3"
  },
  "devDependencies": {
    "tslint": "^5.8.0",
    "typescript": "^2.5.3"
  },
  "private": true
}
[info] i  functions: ensuring necessary APIs are enabled...
[debug] [2018-06-21T12:03:53.354Z] >>> HTTP REQUEST GET https://servicemanagement.googleapis.com/v1/services/cloudfunctions.googleapis.com/projectSettings/beerlog-aafbc?view=CONSUMER_VIEW  
  
 Thu Jun 21 2018 14:03:53 GMT+0200 (CEST)
[debug] [2018-06-21T12:03:53.354Z] >>> HTTP REQUEST GET https://servicemanagement.googleapis.com/v1/services/runtimeconfig.googleapis.com/projectSettings/beerlog-aafbc?view=CONSUMER_VIEW  
  
 Thu Jun 21 2018 14:03:53 GMT+0200 (CEST)
[debug] [2018-06-21T12:03:54.592Z] <<< HTTP RESPONSE 200
[debug] [2018-06-21T12:03:54.605Z] <<< HTTP RESPONSE 200
[info] ✔  functions: all necessary APIs are enabled
[debug] [2018-06-21T12:03:54.606Z] >>> HTTP REQUEST GET https://cloudresourcemanager.googleapis.com/v1/projects/beerlog-aafbc  
  
 Thu Jun 21 2018 14:03:54 GMT+0200 (CEST)
[debug] [2018-06-21T12:03:55.603Z] <<< HTTP RESPONSE 200
[debug] [2018-06-21T12:03:55.603Z] >>> HTTP REQUEST GET https://mobilesdk-pa.googleapis.com/v1/projects/931559534745:getServerAppConfig  
  
 Thu Jun 21 2018 14:03:55 GMT+0200 (CEST)
[debug] [2018-06-21T12:03:56.222Z] <<< HTTP RESPONSE 200
[info] i  storage: uploading rules storage.rules...
[debug] [2018-06-21T12:03:56.223Z] >>> HTTP REQUEST POST https://firebaserules.googleapis.com/v1/projects/beerlog-aafbc/rulesets  
 { source: { files: [ [Object] ] } } 
 Thu Jun 21 2018 14:03:56 GMT+0200 (CEST)
[debug] [2018-06-21T12:03:57.447Z] <<< HTTP RESPONSE 200
[debug] [2018-06-21T12:03:57.447Z] [rules] created ruleset projects/beerlog-aafbc/rulesets/087179bc-a936-44b2-9fca-5441fc70199c
[info] i  functions: preparing functions directory for uploading...
[debug] [2018-06-21T12:03:57.449Z] >>> HTTP REQUEST GET https://runtimeconfig.googleapis.com/v1beta1/projects/beerlog-aafbc/configs  
  
 Thu Jun 21 2018 14:03:57 GMT+0200 (CEST)
[debug] [2018-06-21T12:03:57.776Z] <<< HTTP RESPONSE 200
[info] i  functions: packaged functions (45.56 KB) for uploading
[debug] [2018-06-21T12:03:58.024Z] >>> HTTP REQUEST POST https://cloudfunctions.googleapis.com/v1/projects/beerlog-aafbc/locations/us-central1/functions:generateUploadUrl  
  
 Thu Jun 21 2018 14:03:58 GMT+0200 (CEST)
[debug] [2018-06-21T12:04:28.269Z] <<< HTTP RESPONSE 503
[debug] [2018-06-21T12:04:28.269Z] <<< HTTP RESPONSE BODY {
  "error": {
    "code": 503,
    "message": "The service is currently unavailable.",
    "status": "UNAVAILABLE"
  }
}

[debug] [2018-06-21T12:04:28.276Z] TypeError: Cannot create property 'error' on string '{
  "error": {
    "code": 503,
    "message": "The service is currently unavailable.",
    "status": "UNAVAILABLE"
  }
}
'
    at module.exports (/usr/local/lib/node_modules/firebase-tools/lib/responseToError.js:11:16)
    at Request._callback (/usr/local/lib/node_modules/firebase-tools/lib/api.js:47:25)
    at Request.self.callback (/usr/local/lib/node_modules/firebase-tools/node_modules/request/request.js:185:22)
    at emitTwo (events.js:126:13)
    at Request.emit (events.js:214:7)
    at Request.<anonymous> (/usr/local/lib/node_modules/firebase-tools/node_modules/request/request.js:1157:10)
    at emitOne (events.js:116:13)
    at Request.emit (events.js:211:7)
    at IncomingMessage.<anonymous> (/usr/local/lib/node_modules/firebase-tools/node_modules/request/request.js:1079:12)
    at Object.onceWrapper (events.js:313:30)
[error] 
[error] Error: An unexpected error has occurred.
